<?xml version="1.0" encoding="UTF-8"?>
<coverage generated="1760321535148" clover="3.2.0">
  <project timestamp="1760321535149" name="All files">
    <metrics statements="12" coveredstatements="9" conditionals="10" coveredconditionals="8" methods="3" coveredmethods="2" elements="25" coveredelements="19" complexity="0" loc="12" ncloc="12" packages="1" files="1" classes="1"/>
    <file name="NudgeChatWidget.tsx" path="D:\beginnerinvestorhub\frontend\components\NudgeChatWidget.tsx">
      <metrics statements="12" coveredstatements="9" conditionals="10" coveredconditionals="8" methods="3" coveredmethods="2"/>
      <line num="4" count="1" type="stmt"/>
      <line num="5" count="1" type="stmt"/>
      <line num="7" count="1" type="stmt"/>
      <line num="8" count="5" type="stmt"/>
      <line num="9" count="5" type="stmt"/>
      <line num="12" count="5" type="cond" truecount="0" falsecount="1"/>
      <line num="13" count="0" type="stmt"/>
      <line num="16" count="5" type="cond" truecount="2" falsecount="1"/>
      <line num="17" count="0" type="stmt"/>
      <line num="23" count="2" type="stmt"/>
      <line num="52" count="0" type="stmt"/>
      <line num="117" count="3" type="stmt"/>
    </file>
  </project>
</coverage>
