<?xml version="1.0" encoding="UTF-8"?>
<coverage generated="1757374183862" clover="3.2.0">
  <project timestamp="1757374183863" name="All files">
    <metrics statements="10" coveredstatements="10" conditionals="2" coveredconditionals="1" methods="5" coveredmethods="5" elements="17" coveredelements="16" complexity="0" loc="10" ncloc="10" packages="1" files="1" classes="1"/>
    <file name="NudgeChatWidget.tsx" path="D:\beginnerinvestorhub\tools-restructured\frontend\components\NudgeChatWidget.tsx">
      <metrics statements="10" coveredstatements="10" conditionals="2" coveredconditionals="1" methods="5" coveredmethods="5"/>
      <line num="1" count="1" type="stmt"/>
      <line num="2" count="1" type="stmt"/>
      <line num="5" count="2" type="stmt"/>
      <line num="14" count="1" type="stmt"/>
      <line num="15" count="6" type="stmt"/>
      <line num="16" count="6" type="stmt"/>
      <line num="18" count="6" type="cond" truecount="0" falsecount="1"/>
      <line num="24" count="2" type="stmt"/>
      <line num="48" count="1" type="stmt"/>
      <line num="55" count="3" type="stmt"/>
    </file>
  </project>
</coverage>
