{
  "D:\\beginnerinvestorhub\\tools-restructured\\frontend\\components\\NudgeChatWidget.tsx": {
    "path": "D:\\beginnerinvestorhub\\tools-restructured\\frontend\\components\\NudgeChatWidget.tsx",
    "statementMap": {
      "0": {
        "start": { "line": 55, "column": 0 },
        "end": { "line": 55, "column": 15 }
      },
      "1": {
        "start": { "line": 1, "column": 48 },
        "end": { "line": 1, "column": null }
      },
      "2": {
        "start": { "line": 2, "column": 27 },
        "end": { "line": 2, "column": null }
      },
      "3": {
        "start": { "line": 5, "column": 22 },
        "end": { "line": 5, "column": null }
      },
      "4": {
        "start": { "line": 5, "column": 33 },
        "end": { "line": 5, "column": null }
      },
      "5": {
        "start": { "line": 14, "column": 34 },
        "end": { "line": 53, "column": null }
      },
      "6": {
        "start": { "line": 15, "column": 30 },
        "end": { "line": 15, "column": null }
      },
      "7": {
        "start": { "line": 16, "column": 28 },
        "end": { "line": 16, "column": null }
      },
      "8": {
        "start": { "line": 18, "column": 2 },
        "end": { "line": 18, "column": null }
      },
      "9": {
        "start": { "line": 18, "column": 16 },
        "end": { "line": 18, "column": null }
      },
      "10": {
        "start": { "line": 24, "column": 25 },
        "end": { "line": 24, "column": null }
      },
      "11": {
        "start": { "line": 48, "column": 40 },
        "end": { "line": 48, "column": null }
      },
      "12": {
        "start": { "line": 55, "column": 15 },
        "end": { "line": 55, "column": null }
      }
    },
    "fnMap": {
      "0": {
        "name": "(anonymous_4)",
        "decl": {
          "start": { "line": 5, "column": 27 },
          "end": { "line": 5, "column": 33 }
        },
        "loc": {
          "start": { "line": 5, "column": 33 },
          "end": { "line": 5, "column": null }
        }
      },
      "1": {
        "name": "(anonymous_5)",
        "decl": {
          "start": { "line": 5, "column": 33 },
          "end": { "line": 5, "column": 40 }
        },
        "loc": {
          "start": { "line": 5, "column": 33 },
          "end": { "line": 5, "column": null }
        }
      },
      "2": {
        "name": "(anonymous_7)",
        "decl": {
          "start": { "line": 14, "column": 34 },
          "end": { "line": 14, "column": null }
        },
        "loc": {
          "start": { "line": 14, "column": 34 },
          "end": { "line": 53, "column": null }
        }
      },
      "3": {
        "name": "(anonymous_8)",
        "decl": {
          "start": { "line": 24, "column": 19 },
          "end": { "line": 24, "column": 25 }
        },
        "loc": {
          "start": { "line": 24, "column": 25 },
          "end": { "line": 24, "column": null }
        }
      },
      "4": {
        "name": "(anonymous_9)",
        "decl": {
          "start": { "line": 48, "column": 34 },
          "end": { "line": 48, "column": 40 }
        },
        "loc": {
          "start": { "line": 48, "column": 40 },
          "end": { "line": 48, "column": null }
        }
      }
    },
    "branchMap": {
      "0": {
        "loc": {
          "start": { "line": 18, "column": 2 },
          "end": { "line": 18, "column": null }
        },
        "type": "if",
        "locations": [
          {
            "start": { "line": 18, "column": 2 },
            "end": { "line": 18, "column": null }
          }
        ]
      },
      "1": {
        "loc": {
          "start": { "line": 23, "column": 8 },
          "end": { "line": 47, "column": 9 }
        },
        "type": "cond-expr",
        "locations": [
          {
            "start": { "line": 23, "column": 8 },
            "end": { "line": 47, "column": 9 }
          }
        ]
      }
    },
    "s": {
      "0": 3,
      "1": 1,
      "2": 1,
      "3": 1,
      "4": 2,
      "5": 1,
      "6": 6,
      "7": 6,
      "8": 6,
      "9": 0,
      "10": 2,
      "11": 1,
      "12": 1
    },
    "f": { "0": 1, "1": 1, "2": 6, "3": 2, "4": 1 },
    "b": { "0": [0], "1": [4] }
  }
}
