{"D:\\beginnerinvestorhub\\frontend\\components\\NudgeChatWidget.tsx": {"path":"D:\\beginnerinvestorhub\\frontend\\components\\NudgeChatWidget.tsx","statementMap":{"0":{"start":{"line":117,"column":0},"end":{"line":117,"column":15}},"1":{"start":{"line":4,"column":25},"end":{"line":4,"column":null}},"2":{"start":{"line":5,"column":27},"end":{"line":5,"column":null}},"3":{"start":{"line":7,"column":34},"end":{"line":115,"column":null}},"4":{"start":{"line":8,"column":30},"end":{"line":8,"column":null}},"5":{"start":{"line":9,"column":36},"end":{"line":9,"column":null}},"6":{"start":{"line":12,"column":2},"end":{"line":14,"column":null}},"7":{"start":{"line":13,"column":4},"end":{"line":13,"column":17}},"8":{"start":{"line":16,"column":2},"end":{"line":18,"column":null}},"9":{"start":{"line":17,"column":4},"end":{"line":17,"column":17}},"10":{"start":{"line":23,"column":23},"end":{"line":23,"column":null}},"11":{"start":{"line":52,"column":31},"end":{"line":52,"column":null}},"12":{"start":{"line":117,"column":15},"end":{"line":117,"column":null}}},"fnMap":{"0":{"name":"(anonymous_1)","decl":{"start":{"line":7,"column":34},"end":{"line":7,"column":null}},"loc":{"start":{"line":7,"column":34},"end":{"line":115,"column":null}}},"1":{"name":"(anonymous_2)","decl":{"start":{"line":23,"column":17},"end":{"line":23,"column":23}},"loc":{"start":{"line":23,"column":23},"end":{"line":23,"column":null}}},"2":{"name":"(anonymous_3)","decl":{"start":{"line":52,"column":25},"end":{"line":52,"column":31}},"loc":{"start":{"line":52,"column":31},"end":{"line":52,"column":null}}}},"branchMap":{"0":{"loc":{"start":{"line":12,"column":2},"end":{"line":14,"column":null}},"type":"if","locations":[{"start":{"line":12,"column":2},"end":{"line":14,"column":null}}]},"1":{"loc":{"start":{"line":16,"column":2},"end":{"line":18,"column":null}},"type":"if","locations":[{"start":{"line":16,"column":2},"end":{"line":18,"column":null}}]},"2":{"loc":{"start":{"line":16,"column":6},"end":{"line":16,"column":48}},"type":"binary-expr","locations":[{"start":{"line":16,"column":6},"end":{"line":16,"column":38}},{"start":{"line":16,"column":38},"end":{"line":16,"column":48}}]},"3":{"loc":{"start":{"line":25,"column":20},"end":{"line":25,"column":null}},"type":"cond-expr","locations":[{"start":{"line":25,"column":29},"end":{"line":25,"column":44}},{"start":{"line":25,"column":44},"end":{"line":25,"column":null}}]},"4":{"loc":{"start":{"line":44,"column":7},"end":{"line":44,"column":null}},"type":"binary-expr","locations":[{"start":{"line":44,"column":7},"end":{"line":44,"column":null}}]},"5":{"loc":{"start":{"line":78,"column":19},"end":{"line":78,"column":null}},"type":"binary-expr","locations":[{"start":{"line":78,"column":19},"end":{"line":78,"column":41}},{"start":{"line":78,"column":41},"end":{"line":78,"column":64}},{"start":{"line":78,"column":64},"end":{"line":78,"column":null}}]}},"s":{"0":3,"1":1,"2":1,"3":1,"4":5,"5":5,"6":5,"7":0,"8":5,"9":0,"10":2,"11":0,"12":1},"f":{"0":5,"1":2,"2":0},"b":{"0":[0],"1":[0],"2":[5,5],"3":[2,3],"4":[5],"5":[2,2,2]}}
}
